<?xml version="1.0" encoding="UTF-8"?>
<coverage generated="1651025915386" clover="3.2.0">
  <project timestamp="1651025915386" name="All files">
    <metrics statements="75" coveredstatements="72" conditionals="16" coveredconditionals="15" methods="18" coveredmethods="15" elements="109" coveredelements="102" complexity="0" loc="75" ncloc="75" packages="2" files="5" classes="5"/>
    <package name="src">
      <metrics statements="62" coveredstatements="62" conditionals="14" coveredconditionals="13" methods="12" coveredmethods="12"/>
      <file name="app.js" path="C:\Users\1981\Documents\WORKSPACE\igti\onGoing\05-consulta-credito-mock\src\app.js">
        <metrics statements="16" coveredstatements="16" conditionals="2" coveredconditionals="2" methods="2" coveredmethods="2"/>
        <line num="1" count="1" type="stmt"/>
        <line num="2" count="1" type="stmt"/>
        <line num="4" count="1" type="stmt"/>
        <line num="5" count="1" type="stmt"/>
        <line num="7" count="1" type="stmt"/>
        <line num="9" count="1" type="stmt"/>
        <line num="10" count="1" type="stmt"/>
        <line num="22" count="1" type="stmt"/>
        <line num="29" count="5" type="stmt"/>
        <line num="30" count="5" type="cond" truecount="2" falsecount="0"/>
        <line num="31" count="1" type="stmt"/>
        <line num="34" count="4" type="stmt"/>
        <line num="35" count="4" type="stmt"/>
        <line num="41" count="2" type="stmt"/>
        <line num="43" count="2" type="stmt"/>
        <line num="48" count="1" type="stmt"/>
      </file>
      <file name="calcula-valor.js" path="C:\Users\1981\Documents\WORKSPACE\igti\onGoing\05-consulta-credito-mock\src\calcula-valor.js">
        <metrics statements="22" coveredstatements="22" conditionals="6" coveredconditionals="6" methods="5" coveredmethods="5"/>
        <line num="2" count="4" type="stmt"/>
        <line num="3" count="4" type="stmt"/>
        <line num="4" count="4" type="stmt"/>
        <line num="8" count="38" type="stmt"/>
        <line num="9" count="38" type="stmt"/>
        <line num="10" count="38" type="stmt"/>
        <line num="23" count="9" type="stmt"/>
        <line num="25" count="9" type="cond" truecount="2" falsecount="0"/>
        <line num="26" count="1" type="stmt"/>
        <line num="27" count="1" type="stmt"/>
        <line num="30" count="8" type="stmt"/>
        <line num="31" count="113" type="stmt"/>
        <line num="32" count="8" type="stmt"/>
        <line num="34" count="8" type="cond" truecount="2" falsecount="0"/>
        <line num="35" count="8" type="cond" truecount="2" falsecount="0"/>
        <line num="38" count="8" type="stmt"/>
        <line num="39" count="6" type="stmt"/>
        <line num="40" count="18" type="stmt"/>
        <line num="41" count="6" type="stmt"/>
        <line num="42" count="6" type="stmt"/>
        <line num="44" count="8" type="stmt"/>
        <line num="47" count="2" type="stmt"/>
      </file>
      <file name="consulta-cliente.js" path="C:\Users\1981\Documents\WORKSPACE\igti\onGoing\05-consulta-credito-mock\src\consulta-cliente.js">
        <metrics statements="17" coveredstatements="17" conditionals="6" coveredconditionals="5" methods="1" coveredmethods="1"/>
        <line num="1" count="1" type="stmt"/>
        <line num="2" count="1" type="stmt"/>
        <line num="3" count="1" type="stmt"/>
        <line num="5" count="1" type="stmt"/>
        <line num="6" count="4" type="stmt"/>
        <line num="8" count="4" type="cond" truecount="2" falsecount="0"/>
        <line num="9" count="1" type="stmt"/>
        <line num="15" count="4" type="cond" truecount="2" falsecount="0"/>
        <line num="16" count="2" type="stmt"/>
        <line num="17" count="2" type="stmt"/>
        <line num="19" count="2" type="cond" truecount="1" falsecount="1"/>
        <line num="20" count="2" type="stmt"/>
        <line num="24" count="2" type="stmt"/>
        <line num="25" count="2" type="stmt"/>
        <line num="27" count="2" type="stmt"/>
        <line num="29" count="2" type="stmt"/>
        <line num="38" count="1" type="stmt"/>
      </file>
      <file name="mockdb.js" path="C:\Users\1981\Documents\WORKSPACE\igti\onGoing\05-consulta-credito-mock\src\mockdb.js">
        <metrics statements="7" coveredstatements="7" conditionals="0" coveredconditionals="0" methods="4" coveredmethods="4"/>
        <line num="1" count="1" type="stmt"/>
        <line num="4" count="6" type="stmt"/>
        <line num="8" count="2" type="stmt"/>
        <line num="9" count="2" type="stmt"/>
        <line num="13" count="2" type="stmt"/>
        <line num="17" count="5" type="stmt"/>
        <line num="20" count="1" type="stmt"/>
      </file>
    </package>
    <package name="test">
      <metrics statements="13" coveredstatements="10" conditionals="2" coveredconditionals="2" methods="6" coveredmethods="3"/>
      <file name="extensoes.js" path="C:\Users\1981\Documents\WORKSPACE\igti\onGoing\05-consulta-credito-mock\test\extensoes.js">
        <metrics statements="13" coveredstatements="10" conditionals="2" coveredconditionals="2" methods="6" coveredmethods="3"/>
        <line num="1" count="1" type="stmt"/>
        <line num="3" count="1" type="stmt"/>
        <line num="5" count="2" type="stmt"/>
        <line num="6" count="1" type="stmt"/>
        <line num="8" count="1" type="stmt"/>
        <line num="9" count="0" type="stmt"/>
        <line num="15" count="3" type="stmt"/>
        <line num="16" count="5" type="stmt"/>
        <line num="18" count="5" type="cond" truecount="2" falsecount="0"/>
        <line num="19" count="1" type="stmt"/>
        <line num="20" count="0" type="stmt"/>
        <line num="25" count="2" type="stmt"/>
        <line num="26" count="0" type="stmt"/>
      </file>
    </package>
  </project>
</coverage>
