TN:
SF:src\app.js
FN:9,(anonymous_0)
FN:28,(anonymous_1)
FNF:2
FNH:2
FNDA:1,(anonymous_0)
FNDA:5,(anonymous_1)
DA:1,1
DA:2,1
DA:4,1
DA:5,1
DA:7,1
DA:9,1
DA:10,1
DA:22,1
DA:29,5
DA:30,5
DA:31,1
DA:34,4
DA:35,4
DA:41,2
DA:43,2
DA:48,1
LF:16
LH:16
BRDA:30,0,0,1
BRDA:30,0,1,4
BRF:2
BRH:2
end_of_record
TN:
SF:src\calcula-valor.js
FN:1,calcularMontante
FN:7,arredondar
FN:13,calcularPrestacoes
FN:31,(anonymous_3)
FN:40,(anonymous_4)
FNF:5
FNH:5
FNDA:4,calcularMontante
FNDA:38,arredondar
FNDA:9,calcularPrestacoes
FNDA:113,(anonymous_3)
FNDA:18,(anonymous_4)
DA:2,4
DA:3,4
DA:4,4
DA:8,38
DA:9,38
DA:10,38
DA:23,9
DA:25,9
DA:26,1
DA:27,1
DA:30,8
DA:31,113
DA:32,8
DA:34,8
DA:35,8
DA:38,8
DA:39,6
DA:40,18
DA:41,6
DA:42,6
DA:44,8
DA:47,2
LF:22
LH:22
BRDA:25,0,0,1
BRDA:25,0,1,8
BRDA:34,1,0,4
BRDA:34,1,1,4
BRDA:35,2,0,4
BRDA:35,2,1,4
BRF:6
BRH:6
end_of_record
TN:
SF:src\consulta-cliente.js
FN:5,(anonymous_0)
FNF:1
FNH:1
FNDA:4,(anonymous_0)
DA:1,1
DA:2,1
DA:3,1
DA:5,1
DA:6,4
DA:8,4
DA:9,1
DA:15,4
DA:16,2
DA:17,2
DA:19,2
DA:20,2
DA:24,2
DA:25,2
DA:27,2
DA:29,2
DA:38,1
LF:17
LH:17
BRDA:8,0,0,1
BRDA:8,0,1,3
BRDA:15,1,0,2
BRDA:15,1,1,2
BRDA:19,2,0,2
BRDA:19,2,1,0
BRF:6
BRH:5
end_of_record
TN:
SF:src\mockdb.js
FN:3,encontrarCliente
FN:7,criarCliente
FN:12,novaConsulta
FN:16,limparDados
FNF:4
FNH:4
FNDA:6,encontrarCliente
FNDA:2,criarCliente
FNDA:2,novaConsulta
FNDA:5,limparDados
DA:1,1
DA:4,6
DA:8,2
DA:9,2
DA:13,2
DA:17,5
DA:20,1
LF:7
LH:7
BRF:0
BRH:0
end_of_record
TN:
SF:test\extensoes.js
FN:4,(anonymous_0)
FN:5,(anonymous_1)
FN:9,(anonymous_2)
FN:14,(anonymous_3)
FN:20,(anonymous_4)
FN:26,(anonymous_5)
FNF:6
FNH:3
FNDA:1,(anonymous_0)
FNDA:2,(anonymous_1)
FNDA:0,(anonymous_2)
FNDA:3,(anonymous_3)
FNDA:0,(anonymous_4)
FNDA:0,(anonymous_5)
DA:1,1
DA:3,1
DA:5,2
DA:6,1
DA:8,1
DA:9,0
DA:15,3
DA:16,5
DA:18,5
DA:19,1
DA:20,0
DA:25,2
DA:26,0
LF:13
LH:10
BRDA:18,0,0,1
BRDA:18,0,1,4
BRF:2
BRH:2
end_of_record
